# JRE version: OpenJDK Runtime Environment Temurin-17.0.3+7 (17.0.3+7) (build 17.0.3+7)
# Java VM: OpenJDK 64-Bit Server VM Temurin-17.0.3+7 (17.0.3+7, mixed mode, emulated-client, tiered, compressed oops, compressed class ptrs, g1 gc, windows-amd64)
GC Precious Log:
 CPUs: 4 total, 4 available
 Memory: 6027M
 Large Page Support: Disabled
 NUMA Support: Disabled
 Compressed Oops: Enabled (32-bit)
 Heap Region Size: 1M
 Heap Min Capacity: 8M
 Heap Initial Capacity: 96M
 Heap Max Capacity: 1508M
 Pre-touch: Disabled
 Parallel Workers: 4
 Concurrent Workers: 1
 Concurrent Refinement Workers: 4
 Periodic GC: Disabled
Heap:
 garbage-first heap   total 68608K, used 57866K [0x00000000a1c00000, 0x0000000100000000)
  region size 1024K, 31 young (31744K), 1 survivors (1024K)
 Metaspace       used 68611K, committed 69504K, reserved 1114112K
  class space    used 9152K, committed 9472K, reserved 1048576K
GC Heap History (20 events):
Event: 33334.205 GC heap after
{Heap after GC invocations=196 (full 32):
 garbage-first heap   total 68608K, used 27122K [0x00000000a1c00000, 0x0000000100000000)
  region size 1024K, 1 young (1024K), 1 survivors (1024K)
 Metaspace       used 68601K, committed 69504K, reserved 1114112K
  class space    used 9150K, committed 9472K, reserved 1048576K
}
Event: 33591.000 GC heap before
{Heap before GC invocations=196 (full 32):
 garbage-first heap   total 68608K, used 57842K [0x00000000a1c00000, 0x0000000100000000)
  region size 1024K, 31 young (31744K), 1 survivors (1024K)
 Metaspace       used 68601K, committed 69504K, reserved 1114112K
  class space    used 9150K, committed 9472K, reserved 1048576K
}
Event: 33591.001 GC heap after
{Heap after GC invocations=197 (full 32):
 garbage-first heap   total 68608K, used 27161K [0x00000000a1c00000, 0x0000000100000000)
  region size 1024K, 1 young (1024K), 1 survivors (1024K)
 Metaspace       used 68601K, committed 69504K, reserved 1114112K
  class space    used 9150K, committed 9472K, reserved 1048576K
}
Event: 33849.233 GC heap before
{Heap before GC invocations=197 (full 32):
 garbage-first heap   total 68608K, used 57881K [0x00000000a1c00000, 0x0000000100000000)
  region size 1024K, 31 young (31744K), 1 survivors (1024K)
 Metaspace       used 68601K, committed 69504K, reserved 1114112K
  class space    used 9150K, committed 9472K, reserved 1048576K
}
Event: 33849.234 GC heap after
{Heap after GC invocations=198 (full 32):
 garbage-first heap   total 68608K, used 27136K [0x00000000a1c00000, 0x0000000100000000)
  region size 1024K, 1 young (1024K), 1 survivors (1024K)
 Metaspace       used 68601K, committed 69504K, reserved 1114112K
  class space    used 9150K, committed 9472K, reserved 1048576K
}
Event: 33999.135 GC heap before
{Heap before GC invocations=198 (full 32):
 garbage-first heap   total 68608K, used 56832K [0x00000000a1c00000, 0x0000000100000000)
  region size 1024K, 31 young (31744K), 1 survivors (1024K)
 Metaspace       used 68601K, committed 69504K, reserved 1114112K
  class space    used 9150K, committed 9472K, reserved 1048576K
}
Event: 33999.137 GC heap after
{Heap after GC invocations=199 (full 32):
 garbage-first heap   total 68608K, used 27456K [0x00000000a1c00000, 0x0000000100000000)
  region size 1024K, 1 young (1024K), 1 survivors (1024K)
 Metaspace       used 68601K, committed 69504K, reserved 1114112K
  class space    used 9150K, committed 9472K, reserved 1048576K
}
Event: 34258.599 GC heap before
{Heap before GC invocations=199 (full 32):
 garbage-first heap   total 68608K, used 58176K [0x00000000a1c00000, 0x0000000100000000)
  region size 1024K, 31 young (31744K), 1 survivors (1024K)
 Metaspace       used 68601K, committed 69504K, reserved 1114112K
  class space    used 9150K, committed 9472K, reserved 1048576K
}
Event: 34258.600 GC heap after
{Heap after GC invocations=200 (full 32):
 garbage-first heap   total 68608K, used 27375K [0x00000000a1c00000, 0x0000000100000000)
  region size 1024K, 1 young (1024K), 1 survivors (1024K)
 Metaspace       used 68601K, committed 69504K, reserved 1114112K
  class space    used 9150K, committed 9472K, reserved 1048576K
}
Event: 34517.732 GC heap before
{Heap before GC invocations=200 (full 32):
 garbage-first heap   total 68608K, used 58095K [0x00000000a1c00000, 0x0000000100000000)
  region size 1024K, 31 young (31744K), 1 survivors (1024K)
 Metaspace       used 68601K, committed 69504K, reserved 1114112K
  class space    used 9150K, committed 9472K, reserved 1048576K
}
Event: 34517.733 GC heap after
{Heap after GC invocations=201 (full 32):
 garbage-first heap   total 68608K, used 27205K [0x00000000a1c00000, 0x0000000100000000)
  region size 1024K, 1 young (1024K), 1 survivors (1024K)
 Metaspace       used 68601K, committed 69504K, reserved 1114112K
  class space    used 9150K, committed 9472K, reserved 1048576K
}
Event: 34775.580 GC heap before
{Heap before GC invocations=201 (full 32):
 garbage-first heap   total 68608K, used 57925K [0x00000000a1c00000, 0x0000000100000000)
  region size 1024K, 31 young (31744K), 1 survivors (1024K)
 Metaspace       used 68601K, committed 69504K, reserved 1114112K
  class space    used 9150K, committed 9472K, reserved 1048576K
}
Event: 34775.582 GC heap after
{Heap after GC invocations=202 (full 32):
 garbage-first heap   total 68608K, used 27190K [0x00000000a1c00000, 0x0000000100000000)
  region size 1024K, 1 young (1024K), 1 survivors (1024K)
 Metaspace       used 68601K, committed 69504K, reserved 1114112K
  class space    used 9150K, committed 9472K, reserved 1048576K
}
Event: 35033.354 GC heap before
{Heap before GC invocations=202 (full 32):
 garbage-first heap   total 68608K, used 57910K [0x00000000a1c00000, 0x0000000100000000)
  region size 1024K, 31 young (31744K), 1 survivors (1024K)
 Metaspace       used 68601K, committed 69504K, reserved 1114112K
  class space    used 9150K, committed 9472K, reserved 1048576K
}
Event: 35033.355 GC heap after
{Heap after GC invocations=203 (full 32):
 garbage-first heap   total 68608K, used 27155K [0x00000000a1c00000, 0x0000000100000000)
  region size 1024K, 1 young (1024K), 1 survivors (1024K)
 Metaspace       used 68601K, committed 69504K, reserved 1114112K
  class space    used 9150K, committed 9472K, reserved 1048576K
}
Event: 35290.937 GC heap before
{Heap before GC invocations=203 (full 32):
 garbage-first heap   total 68608K, used 57875K [0x00000000a1c00000, 0x0000000100000000)
  region size 1024K, 31 young (31744K), 1 survivors (1024K)
 Metaspace       used 68601K, committed 69504K, reserved 1114112K
  class space    used 9150K, committed 9472K, reserved 1048576K
}
Event: 35290.939 GC heap after
{Heap after GC invocations=204 (full 32):
 garbage-first heap   total 68608K, used 27156K [0x00000000a1c00000, 0x0000000100000000)
  region size 1024K, 1 young (1024K), 1 survivors (1024K)
 Metaspace       used 68601K, committed 69504K, reserved 1114112K
  class space    used 9150K, committed 9472K, reserved 1048576K
}
Event: 35549.982 GC heap before
{Heap before GC invocations=204 (full 32):
 garbage-first heap   total 68608K, used 57876K [0x00000000a1c00000, 0x0000000100000000)
  region size 1024K, 31 young (31744K), 1 survivors (1024K)
 Metaspace       used 68601K, committed 69504K, reserved 1114112K
  class space    used 9150K, committed 9472K, reserved 1048576K
}
Event: 35549.984 GC heap after
{Heap after GC invocations=205 (full 32):
 garbage-first heap   total 68608K, used 27146K [0x00000000a1c00000, 0x0000000100000000)
  region size 1024K, 1 young (1024K), 1 survivors (1024K)
 Metaspace       used 68601K, committed 69504K, reserved 1114112K
  class space    used 9150K, committed 9472K, reserved 1048576K
}
Event: 35711.823 GC heap before
{Heap before GC invocations=205 (full 32):
 garbage-first heap   total 68608K, used 57866K [0x00000000a1c00000, 0x0000000100000000)
  region size 1024K, 31 young (31744K), 1 survivors (1024K)
 Metaspace       used 68611K, committed 69504K, reserved 1114112K
  class space    used 9152K, committed 9472K, reserved 1048576K
}

