# JRE version: OpenJDK Runtime Environment Temurin-17.0.3+7 (17.0.3+7) (build 17.0.3+7)
# Java VM: OpenJDK 64-Bit Server VM Temurin-17.0.3+7 (17.0.3+7, mixed mode, emulated-client, tiered, compressed oops, compressed class ptrs, g1 gc, windows-amd64)
GC Precious Log:
 CPUs: 4 total, 4 available
 Memory: 6027M
 Large Page Support: Disabled
 NUMA Support: Disabled
 Compressed Oops: Enabled (32-bit)
 Heap Region Size: 1M
 Heap Min Capacity: 8M
 Heap Initial Capacity: 96M
 Heap Max Capacity: 1508M
 Pre-touch: Disabled
 Parallel Workers: 4
 Concurrent Workers: 1
 Concurrent Refinement Workers: 4
 Periodic GC: Disabled
Heap:
 garbage-first heap   total 86016K, used 42105K [0x00000000a1c00000, 0x0000000100000000)
  region size 1024K, 14 young (14336K), 3 survivors (3072K)
 Metaspace       used 76997K, committed 77696K, reserved 1122304K
  class space    used 10281K, committed 10624K, reserved 1048576K
GC Heap History (20 events):
Event: 10585.038 GC heap before
{Heap before GC invocations=108 (full 15):
 garbage-first heap   total 86016K, used 68898K [0x00000000a1c00000, 0x0000000100000000)
  region size 1024K, 39 young (39936K), 2 survivors (2048K)
 Metaspace       used 76997K, committed 77696K, reserved 1122304K
  class space    used 10281K, committed 10624K, reserved 1048576K
}
Event: 10585.040 GC heap after
{Heap after GC invocations=109 (full 15):
 garbage-first heap   total 86016K, used 31015K [0x00000000a1c00000, 0x0000000100000000)
  region size 1024K, 2 young (2048K), 2 survivors (2048K)
 Metaspace       used 76997K, committed 77696K, reserved 1122304K
  class space    used 10281K, committed 10624K, reserved 1048576K
}
Event: 10915.575 GC heap before
{Heap before GC invocations=109 (full 15):
 garbage-first heap   total 86016K, used 69927K [0x00000000a1c00000, 0x0000000100000000)
  region size 1024K, 40 young (40960K), 2 survivors (2048K)
 Metaspace       used 76997K, committed 77696K, reserved 1122304K
  class space    used 10281K, committed 10624K, reserved 1048576K
}
Event: 10915.577 GC heap after
{Heap after GC invocations=110 (full 15):
 garbage-first heap   total 86016K, used 30928K [0x00000000a1c00000, 0x0000000100000000)
  region size 1024K, 2 young (2048K), 2 survivors (2048K)
 Metaspace       used 76997K, committed 77696K, reserved 1122304K
  class space    used 10281K, committed 10624K, reserved 1048576K
}
Event: 11246.608 GC heap before
{Heap before GC invocations=110 (full 15):
 garbage-first heap   total 86016K, used 69840K [0x00000000a1c00000, 0x0000000100000000)
  region size 1024K, 40 young (40960K), 2 survivors (2048K)
 Metaspace       used 76997K, committed 77696K, reserved 1122304K
  class space    used 10281K, committed 10624K, reserved 1048576K
}
Event: 11246.610 GC heap after
{Heap after GC invocations=111 (full 15):
 garbage-first heap   total 86016K, used 30979K [0x00000000a1c00000, 0x0000000100000000)
  region size 1024K, 2 young (2048K), 2 survivors (2048K)
 Metaspace       used 76997K, committed 77696K, reserved 1122304K
  class space    used 10281K, committed 10624K, reserved 1048576K
}
Event: 11479.109 GC heap before
{Heap before GC invocations=111 (full 15):
 garbage-first heap   total 86016K, used 70915K [0x00000000a1c00000, 0x0000000100000000)
  region size 1024K, 41 young (41984K), 2 survivors (2048K)
 Metaspace       used 76997K, committed 77696K, reserved 1122304K
  class space    used 10281K, committed 10624K, reserved 1048576K
}
Event: 11479.112 GC heap after
{Heap after GC invocations=112 (full 15):
 garbage-first heap   total 86016K, used 31470K [0x00000000a1c00000, 0x0000000100000000)
  region size 1024K, 2 young (2048K), 2 survivors (2048K)
 Metaspace       used 76997K, committed 77696K, reserved 1122304K
  class space    used 10281K, committed 10624K, reserved 1048576K
}
Event: 11819.620 GC heap before
{Heap before GC invocations=112 (full 15):
 garbage-first heap   total 86016K, used 71406K [0x00000000a1c00000, 0x0000000100000000)
  region size 1024K, 41 young (41984K), 2 survivors (2048K)
 Metaspace       used 76997K, committed 77696K, reserved 1122304K
  class space    used 10281K, committed 10624K, reserved 1048576K
}
Event: 11819.622 GC heap after
{Heap after GC invocations=113 (full 15):
 garbage-first heap   total 86016K, used 31553K [0x00000000a1c00000, 0x0000000100000000)
  region size 1024K, 2 young (2048K), 2 survivors (2048K)
 Metaspace       used 76997K, committed 77696K, reserved 1122304K
  class space    used 10281K, committed 10624K, reserved 1048576K
}
Event: 12159.789 GC heap before
{Heap before GC invocations=113 (full 15):
 garbage-first heap   total 86016K, used 71489K [0x00000000a1c00000, 0x0000000100000000)
  region size 1024K, 41 young (41984K), 2 survivors (2048K)
 Metaspace       used 76997K, committed 77696K, reserved 1122304K
  class space    used 10281K, committed 10624K, reserved 1048576K
}
Event: 12159.792 GC heap after
{Heap after GC invocations=114 (full 15):
 garbage-first heap   total 86016K, used 31575K [0x00000000a1c00000, 0x0000000100000000)
  region size 1024K, 2 young (2048K), 2 survivors (2048K)
 Metaspace       used 76997K, committed 77696K, reserved 1122304K
  class space    used 10281K, committed 10624K, reserved 1048576K
}
Event: 12500.708 GC heap before
{Heap before GC invocations=114 (full 15):
 garbage-first heap   total 86016K, used 71511K [0x00000000a1c00000, 0x0000000100000000)
  region size 1024K, 41 young (41984K), 2 survivors (2048K)
 Metaspace       used 76997K, committed 77696K, reserved 1122304K
  class space    used 10281K, committed 10624K, reserved 1048576K
}
Event: 12500.710 GC heap after
{Heap after GC invocations=115 (full 15):
 garbage-first heap   total 86016K, used 31575K [0x00000000a1c00000, 0x0000000100000000)
  region size 1024K, 2 young (2048K), 2 survivors (2048K)
 Metaspace       used 76997K, committed 77696K, reserved 1122304K
  class space    used 10281K, committed 10624K, reserved 1048576K
}
Event: 12840.982 GC heap before
{Heap before GC invocations=115 (full 15):
 garbage-first heap   total 86016K, used 70487K [0x00000000a1c00000, 0x0000000100000000)
  region size 1024K, 41 young (41984K), 2 survivors (2048K)
 Metaspace       used 76997K, committed 77696K, reserved 1122304K
  class space    used 10281K, committed 10624K, reserved 1048576K
}
Event: 12840.984 GC heap after
{Heap after GC invocations=116 (full 15):
 garbage-first heap   total 86016K, used 31575K [0x00000000a1c00000, 0x0000000100000000)
  region size 1024K, 2 young (2048K), 2 survivors (2048K)
 Metaspace       used 76997K, committed 77696K, reserved 1122304K
  class space    used 10281K, committed 10624K, reserved 1048576K
}
Event: 13125.713 GC heap before
{Heap before GC invocations=116 (full 15):
 garbage-first heap   total 86016K, used 71511K [0x00000000a1c00000, 0x0000000100000000)
  region size 1024K, 41 young (41984K), 2 survivors (2048K)
 Metaspace       used 76997K, committed 77696K, reserved 1122304K
  class space    used 10281K, committed 10624K, reserved 1048576K
}
Event: 13125.716 GC heap after
{Heap after GC invocations=117 (full 15):
 garbage-first heap   total 86016K, used 31844K [0x00000000a1c00000, 0x0000000100000000)
  region size 1024K, 3 young (3072K), 3 survivors (3072K)
 Metaspace       used 76997K, committed 77696K, reserved 1122304K
  class space    used 10281K, committed 10624K, reserved 1048576K
}
Event: 13392.151 GC heap before
{Heap before GC invocations=117 (full 15):
 garbage-first heap   total 86016K, used 69732K [0x00000000a1c00000, 0x0000000100000000)
  region size 1024K, 40 young (40960K), 3 survivors (3072K)
 Metaspace       used 76997K, committed 77696K, reserved 1122304K
  class space    used 10281K, committed 10624K, reserved 1048576K
}
Event: 13392.191 GC heap after
{Heap after GC invocations=118 (full 15):
 garbage-first heap   total 86016K, used 31865K [0x00000000a1c00000, 0x0000000100000000)
  region size 1024K, 3 young (3072K), 3 survivors (3072K)
 Metaspace       used 76997K, committed 77696K, reserved 1122304K
  class space    used 10281K, committed 10624K, reserved 1048576K
}

