# JRE version: OpenJDK Runtime Environment Temurin-17.0.3+7 (17.0.3+7) (build 17.0.3+7)
# Java VM: OpenJDK 64-Bit Server VM Temurin-17.0.3+7 (17.0.3+7, mixed mode, emulated-client, tiered, compressed oops, compressed class ptrs, g1 gc, windows-amd64)
GC Precious Log:
 CPUs: 4 total, 4 available
 Memory: 6027M
 Large Page Support: Disabled
 NUMA Support: Disabled
 Compressed Oops: Enabled (32-bit)
 Heap Region Size: 1M
 Heap Min Capacity: 8M
 Heap Initial Capacity: 96M
 Heap Max Capacity: 1508M
 Pre-touch: Disabled
 Parallel Workers: 4
 Concurrent Workers: 1
 Concurrent Refinement Workers: 4
 Periodic GC: Disabled
Heap:
 garbage-first heap   total 92160K, used 61035K [0x00000000a1c00000, 0x0000000100000000)
  region size 1024K, 32 young (32768K), 3 survivors (3072K)
 Metaspace       used 76901K, committed 78272K, reserved 1122304K
  class space    used 10216K, committed 10624K, reserved 1048576K
GC Heap History (20 events):
Event: 728.038 GC heap before
{Heap before GC invocations=48 (full 6):
 garbage-first heap   total 92160K, used 74142K [0x00000000a1c00000, 0x0000000100000000)
  region size 1024K, 47 young (48128K), 4 survivors (4096K)
 Metaspace       used 77090K, committed 77760K, reserved 1122304K
  class space    used 10169K, committed 10496K, reserved 1048576K
}
Event: 728.042 GC heap after
{Heap after GC invocations=49 (full 6):
 garbage-first heap   total 92160K, used 31179K [0x00000000a1c00000, 0x0000000100000000)
  region size 1024K, 2 young (2048K), 2 survivors (2048K)
 Metaspace       used 77090K, committed 77760K, reserved 1122304K
  class space    used 10169K, committed 10496K, reserved 1048576K
}
Event: 728.209 GC heap before
{Heap before GC invocations=49 (full 6):
 garbage-first heap   total 92160K, used 75211K [0x00000000a1c00000, 0x0000000100000000)
  region size 1024K, 45 young (46080K), 2 survivors (2048K)
 Metaspace       used 77283K, committed 77888K, reserved 1122304K
  class space    used 10180K, committed 10496K, reserved 1048576K
}
Event: 728.211 GC heap after
{Heap after GC invocations=50 (full 6):
 garbage-first heap   total 92160K, used 32413K [0x00000000a1c00000, 0x0000000100000000)
  region size 1024K, 3 young (3072K), 3 survivors (3072K)
 Metaspace       used 77283K, committed 77888K, reserved 1122304K
  class space    used 10180K, committed 10496K, reserved 1048576K
}
Event: 1237.783 GC heap before
{Heap before GC invocations=50 (full 6):
 garbage-first heap   total 92160K, used 62109K [0x00000000a1c00000, 0x0000000100000000)
  region size 1024K, 34 young (34816K), 3 survivors (3072K)
 Metaspace       used 77941K, committed 78656K, reserved 1122304K
  class space    used 10280K, committed 10624K, reserved 1048576K
}
Event: 1237.831 GC heap after
{Heap after GC invocations=51 (full 7):
 garbage-first heap   total 92160K, used 26478K [0x00000000a1c00000, 0x0000000100000000)
  region size 1024K, 0 young (0K), 0 survivors (0K)
 Metaspace       used 76247K, committed 78272K, reserved 1122304K
  class space    used 10154K, committed 10624K, reserved 1048576K
}
Event: 1238.331 GC heap before
{Heap before GC invocations=51 (full 7):
 garbage-first heap   total 92160K, used 74606K [0x00000000a1c00000, 0x0000000100000000)
  region size 1024K, 47 young (48128K), 0 survivors (0K)
 Metaspace       used 76472K, committed 78272K, reserved 1122304K
  class space    used 10188K, committed 10624K, reserved 1048576K
}
Event: 1238.334 GC heap after
{Heap after GC invocations=52 (full 7):
 garbage-first heap   total 92160K, used 30139K [0x00000000a1c00000, 0x0000000100000000)
  region size 1024K, 4 young (4096K), 4 survivors (4096K)
 Metaspace       used 76472K, committed 78272K, reserved 1122304K
  class space    used 10188K, committed 10624K, reserved 1048576K
}
Event: 1239.881 GC heap before
{Heap before GC invocations=52 (full 7):
 garbage-first heap   total 92160K, used 74171K [0x00000000a1c00000, 0x0000000100000000)
  region size 1024K, 47 young (48128K), 4 survivors (4096K)
 Metaspace       used 76699K, committed 78272K, reserved 1122304K
  class space    used 10204K, committed 10624K, reserved 1048576K
}
Event: 1239.884 GC heap after
{Heap after GC invocations=53 (full 7):
 garbage-first heap   total 92160K, used 30914K [0x00000000a1c00000, 0x0000000100000000)
  region size 1024K, 2 young (2048K), 2 survivors (2048K)
 Metaspace       used 76699K, committed 78272K, reserved 1122304K
  class space    used 10204K, committed 10624K, reserved 1048576K
}
Event: 1240.086 GC heap before
{Heap before GC invocations=53 (full 7):
 garbage-first heap   total 92160K, used 74946K [0x00000000a1c00000, 0x0000000100000000)
  region size 1024K, 45 young (46080K), 2 survivors (2048K)
 Metaspace       used 76898K, committed 78272K, reserved 1122304K
  class space    used 10216K, committed 10624K, reserved 1048576K
}
Event: 1240.089 GC heap after
{Heap after GC invocations=54 (full 7):
 garbage-first heap   total 92160K, used 32328K [0x00000000a1c00000, 0x0000000100000000)
  region size 1024K, 3 young (3072K), 3 survivors (3072K)
 Metaspace       used 76898K, committed 78272K, reserved 1122304K
  class space    used 10216K, committed 10624K, reserved 1048576K
}
Event: 2208.868 GC heap before
{Heap before GC invocations=54 (full 7):
 garbage-first heap   total 92160K, used 75336K [0x00000000a1c00000, 0x0000000100000000)
  region size 1024K, 45 young (46080K), 3 survivors (3072K)
 Metaspace       used 76901K, committed 78272K, reserved 1122304K
  class space    used 10216K, committed 10624K, reserved 1048576K
}
Event: 2208.871 GC heap after
{Heap after GC invocations=55 (full 7):
 garbage-first heap   total 92160K, used 32199K [0x00000000a1c00000, 0x0000000100000000)
  region size 1024K, 3 young (3072K), 3 survivors (3072K)
 Metaspace       used 76901K, committed 78272K, reserved 1122304K
  class space    used 10216K, committed 10624K, reserved 1048576K
}
Event: 3032.511 GC heap before
{Heap before GC invocations=55 (full 7):
 garbage-first heap   total 92160K, used 76231K [0x00000000a1c00000, 0x0000000100000000)
  region size 1024K, 46 young (47104K), 3 survivors (3072K)
 Metaspace       used 76901K, committed 78272K, reserved 1122304K
  class space    used 10216K, committed 10624K, reserved 1048576K
}
Event: 3032.515 GC heap after
{Heap after GC invocations=56 (full 7):
 garbage-first heap   total 92160K, used 32206K [0x00000000a1c00000, 0x0000000100000000)
  region size 1024K, 3 young (3072K), 3 survivors (3072K)
 Metaspace       used 76901K, committed 78272K, reserved 1122304K
  class space    used 10216K, committed 10624K, reserved 1048576K
}
Event: 4004.064 GC heap before
{Heap before GC invocations=56 (full 7):
 garbage-first heap   total 92160K, used 77262K [0x00000000a1c00000, 0x0000000100000000)
  region size 1024K, 47 young (48128K), 3 survivors (3072K)
 Metaspace       used 76901K, committed 78272K, reserved 1122304K
  class space    used 10216K, committed 10624K, reserved 1048576K
}
Event: 4004.067 GC heap after
{Heap after GC invocations=57 (full 7):
 garbage-first heap   total 92160K, used 32219K [0x00000000a1c00000, 0x0000000100000000)
  region size 1024K, 3 young (3072K), 3 survivors (3072K)
 Metaspace       used 76901K, committed 78272K, reserved 1122304K
  class space    used 10216K, committed 10624K, reserved 1048576K
}
Event: 4825.359 GC heap before
{Heap before GC invocations=57 (full 7):
 garbage-first heap   total 92160K, used 77275K [0x00000000a1c00000, 0x0000000100000000)
  region size 1024K, 47 young (48128K), 3 survivors (3072K)
 Metaspace       used 76901K, committed 78272K, reserved 1122304K
  class space    used 10216K, committed 10624K, reserved 1048576K
}
Event: 4825.362 GC heap after
{Heap after GC invocations=58 (full 7):
 garbage-first heap   total 92160K, used 32363K [0x00000000a1c00000, 0x0000000100000000)
  region size 1024K, 3 young (3072K), 3 survivors (3072K)
 Metaspace       used 76901K, committed 78272K, reserved 1122304K
  class space    used 10216K, committed 10624K, reserved 1048576K
}

