# JRE version: OpenJDK Runtime Environment Temurin-17.0.3+7 (17.0.3+7) (build 17.0.3+7)
# Java VM: OpenJDK 64-Bit Server VM Temurin-17.0.3+7 (17.0.3+7, mixed mode, emulated-client, tiered, compressed oops, compressed class ptrs, g1 gc, windows-amd64)
GC Precious Log:
 CPUs: 4 total, 4 available
 Memory: 6027M
 Large Page Support: Disabled
 NUMA Support: Disabled
 Compressed Oops: Enabled (32-bit)
 Heap Region Size: 1M
 Heap Min Capacity: 8M
 Heap Initial Capacity: 96M
 Heap Max Capacity: 1508M
 Pre-touch: Disabled
 Parallel Workers: 4
 Concurrent Workers: 1
 Concurrent Refinement Workers: 4
 Periodic GC: Disabled
Heap:
 garbage-first heap   total 114688K, used 39190K [0x00000000a1c00000, 0x0000000100000000)
  region size 1024K, 13 young (13312K), 4 survivors (4096K)
 Metaspace       used 72349K, committed 72896K, reserved 1114112K
  class space    used 9737K, committed 9984K, reserved 1048576K
GC Heap History (20 events):
Event: 2.844 GC heap before
{Heap before GC invocations=11 (full 0):
 garbage-first heap   total 68608K, used 19301K [0x00000000a1c00000, 0x0000000100000000)
  region size 1024K, 5 young (5120K), 4 survivors (4096K)
 Metaspace       used 42710K, committed 43072K, reserved 1089536K
  class space    used 5602K, committed 5760K, reserved 1048576K
}
Event: 2.847 GC heap after
{Heap after GC invocations=12 (full 0):
 garbage-first heap   total 68608K, used 18672K [0x00000000a1c00000, 0x0000000100000000)
  region size 1024K, 1 young (1024K), 1 survivors (1024K)
 Metaspace       used 42710K, committed 43072K, reserved 1089536K
  class space    used 5602K, committed 5760K, reserved 1048576K
}
Event: 3.283 GC heap before
{Heap before GC invocations=12 (full 0):
 garbage-first heap   total 68608K, used 50416K [0x00000000a1c00000, 0x0000000100000000)
  region size 1024K, 32 young (32768K), 1 survivors (1024K)
 Metaspace       used 48895K, committed 49344K, reserved 1097728K
  class space    used 6383K, committed 6592K, reserved 1048576K
}
Event: 3.287 GC heap after
{Heap after GC invocations=13 (full 0):
 garbage-first heap   total 68608K, used 21319K [0x00000000a1c00000, 0x0000000100000000)
  region size 1024K, 4 young (4096K), 4 survivors (4096K)
 Metaspace       used 48895K, committed 49344K, reserved 1097728K
  class space    used 6383K, committed 6592K, reserved 1048576K
}
Event: 3.758 GC heap before
{Heap before GC invocations=13 (full 0):
 garbage-first heap   total 68608K, used 51015K [0x00000000a1c00000, 0x0000000100000000)
  region size 1024K, 33 young (33792K), 4 survivors (4096K)
 Metaspace       used 57315K, committed 57792K, reserved 1105920K
  class space    used 7520K, committed 7744K, reserved 1048576K
}
Event: 3.762 GC heap after
{Heap after GC invocations=14 (full 0):
 garbage-first heap   total 68608K, used 23731K [0x00000000a1c00000, 0x0000000100000000)
  region size 1024K, 3 young (3072K), 3 survivors (3072K)
 Metaspace       used 57315K, committed 57792K, reserved 1105920K
  class space    used 7520K, committed 7744K, reserved 1048576K
}
Event: 3.929 GC heap before
{Heap before GC invocations=14 (full 0):
 garbage-first heap   total 68608K, used 36019K [0x00000000a1c00000, 0x0000000100000000)
  region size 1024K, 17 young (17408K), 3 survivors (3072K)
 Metaspace       used 60004K, committed 60480K, reserved 1105920K
  class space    used 7834K, committed 8064K, reserved 1048576K
}
Event: 3.932 GC heap after
{Heap after GC invocations=15 (full 0):
 garbage-first heap   total 68608K, used 24708K [0x00000000a1c00000, 0x0000000100000000)
  region size 1024K, 1 young (1024K), 1 survivors (1024K)
 Metaspace       used 60004K, committed 60480K, reserved 1105920K
  class space    used 7834K, committed 8064K, reserved 1048576K
}
Event: 6.536 GC heap before
{Heap before GC invocations=16 (full 0):
 garbage-first heap   total 68608K, used 52356K [0x00000000a1c00000, 0x0000000100000000)
  region size 1024K, 28 young (28672K), 1 survivors (1024K)
 Metaspace       used 65328K, committed 65792K, reserved 1114112K
  class space    used 8736K, committed 8960K, reserved 1048576K
}
Event: 6.540 GC heap after
{Heap after GC invocations=17 (full 0):
 garbage-first heap   total 68608K, used 25586K [0x00000000a1c00000, 0x0000000100000000)
  region size 1024K, 2 young (2048K), 2 survivors (2048K)
 Metaspace       used 65328K, committed 65792K, reserved 1114112K
  class space    used 8736K, committed 8960K, reserved 1048576K
}
Event: 6.805 GC heap before
{Heap before GC invocations=18 (full 0):
 garbage-first heap   total 68608K, used 53234K [0x00000000a1c00000, 0x0000000100000000)
  region size 1024K, 29 young (29696K), 2 survivors (2048K)
 Metaspace       used 67644K, committed 68096K, reserved 1114112K
  class space    used 9068K, committed 9280K, reserved 1048576K
}
Event: 6.809 GC heap after
{Heap after GC invocations=19 (full 0):
 garbage-first heap   total 68608K, used 27102K [0x00000000a1c00000, 0x0000000100000000)
  region size 1024K, 4 young (4096K), 4 survivors (4096K)
 Metaspace       used 67644K, committed 68096K, reserved 1114112K
  class space    used 9068K, committed 9280K, reserved 1048576K
}
Event: 6.936 GC heap before
{Heap before GC invocations=19 (full 0):
 garbage-first heap   total 68608K, used 52702K [0x00000000a1c00000, 0x0000000100000000)
  region size 1024K, 30 young (30720K), 4 survivors (4096K)
 Metaspace       used 68821K, committed 69248K, reserved 1114112K
  class space    used 9229K, committed 9408K, reserved 1048576K
}
Event: 6.940 GC heap after
{Heap after GC invocations=20 (full 0):
 garbage-first heap   total 114688K, used 27892K [0x00000000a1c00000, 0x0000000100000000)
  region size 1024K, 3 young (3072K), 3 survivors (3072K)
 Metaspace       used 68821K, committed 69248K, reserved 1114112K
  class space    used 9229K, committed 9408K, reserved 1048576K
}
Event: 7.193 GC heap before
{Heap before GC invocations=20 (full 0):
 garbage-first heap   total 114688K, used 90356K [0x00000000a1c00000, 0x0000000100000000)
  region size 1024K, 64 young (65536K), 3 survivors (3072K)
 Metaspace       used 69929K, committed 70400K, reserved 1114112K
  class space    used 9390K, committed 9600K, reserved 1048576K
}
Event: 7.196 GC heap after
{Heap after GC invocations=21 (full 0):
 garbage-first heap   total 114688K, used 29063K [0x00000000a1c00000, 0x0000000100000000)
  region size 1024K, 4 young (4096K), 4 survivors (4096K)
 Metaspace       used 69929K, committed 70400K, reserved 1114112K
  class space    used 9390K, committed 9600K, reserved 1048576K
}
Event: 810.778 GC heap before
{Heap before GC invocations=21 (full 0):
 garbage-first heap   total 114688K, used 93575K [0x00000000a1c00000, 0x0000000100000000)
  region size 1024K, 67 young (68608K), 4 survivors (4096K)
 Metaspace       used 72303K, committed 72832K, reserved 1114112K
  class space    used 9730K, committed 9984K, reserved 1048576K
}
Event: 810.784 GC heap after
{Heap after GC invocations=22 (full 0):
 garbage-first heap   total 114688K, used 30692K [0x00000000a1c00000, 0x0000000100000000)
  region size 1024K, 6 young (6144K), 6 survivors (6144K)
 Metaspace       used 72303K, committed 72832K, reserved 1114112K
  class space    used 9730K, committed 9984K, reserved 1048576K
}
Event: 1841.598 GC heap before
{Heap before GC invocations=22 (full 0):
 garbage-first heap   total 114688K, used 93156K [0x00000000a1c00000, 0x0000000100000000)
  region size 1024K, 67 young (68608K), 6 survivors (6144K)
 Metaspace       used 72349K, committed 72896K, reserved 1114112K
  class space    used 9737K, committed 9984K, reserved 1048576K
}
Event: 1841.603 GC heap after
{Heap after GC invocations=23 (full 0):
 garbage-first heap   total 114688K, used 30998K [0x00000000a1c00000, 0x0000000100000000)
  region size 1024K, 4 young (4096K), 4 survivors (4096K)
 Metaspace       used 72349K, committed 72896K, reserved 1114112K
  class space    used 9737K, committed 9984K, reserved 1048576K
}

