# JRE version: OpenJDK Runtime Environment Temurin-17.0.3+7 (17.0.3+7) (build 17.0.3+7)
# Java VM: OpenJDK 64-Bit Server VM Temurin-17.0.3+7 (17.0.3+7, mixed mode, emulated-client, tiered, compressed oops, compressed class ptrs, g1 gc, windows-amd64)
GC Precious Log:
 CPUs: 4 total, 4 available
 Memory: 6027M
 Large Page Support: Disabled
 NUMA Support: Disabled
 Compressed Oops: Enabled (32-bit)
 Heap Region Size: 1M
 Heap Min Capacity: 8M
 Heap Initial Capacity: 96M
 Heap Max Capacity: 1508M
 Pre-touch: Disabled
 Parallel Workers: 4
 Concurrent Workers: 1
 Concurrent Refinement Workers: 4
 Periodic GC: Disabled
Heap:
 garbage-first heap   total 92160K, used 64304K [0x00000000a1c00000, 0x0000000100000000)
  region size 1024K, 35 young (35840K), 3 survivors (3072K)
 Metaspace       used 75124K, committed 75776K, reserved 1114112K
  class space    used 10060K, committed 10368K, reserved 1048576K
GC Heap History (20 events):
Event: 5.965 GC heap after
{Heap after GC invocations=17 (full 0):
 garbage-first heap   total 61440K, used 25609K [0x00000000a1c00000, 0x0000000100000000)
  region size 1024K, 1 young (1024K), 1 survivors (1024K)
 Metaspace       used 64572K, committed 65024K, reserved 1105920K
  class space    used 8608K, committed 8832K, reserved 1048576K
}
Event: 6.166 GC heap before
{Heap before GC invocations=17 (full 0):
 garbage-first heap   total 61440K, used 48137K [0x00000000a1c00000, 0x0000000100000000)
  region size 1024K, 23 young (23552K), 1 survivors (1024K)
 Metaspace       used 66632K, committed 67072K, reserved 1114112K
  class space    used 8911K, committed 9152K, reserved 1048576K
}
Event: 6.168 GC heap after
{Heap after GC invocations=18 (full 0):
 garbage-first heap   total 61440K, used 26406K [0x00000000a1c00000, 0x0000000100000000)
  region size 1024K, 2 young (2048K), 2 survivors (2048K)
 Metaspace       used 66632K, committed 67072K, reserved 1114112K
  class space    used 8911K, committed 9152K, reserved 1048576K
}
Event: 6.312 GC heap before
{Heap before GC invocations=18 (full 0):
 garbage-first heap   total 61440K, used 48934K [0x00000000a1c00000, 0x0000000100000000)
  region size 1024K, 24 young (24576K), 2 survivors (2048K)
 Metaspace       used 67760K, committed 68224K, reserved 1114112K
  class space    used 9068K, committed 9280K, reserved 1048576K
}
Event: 6.315 GC heap after
{Heap after GC invocations=19 (full 0):
 garbage-first heap   total 101376K, used 26924K [0x00000000a1c00000, 0x0000000100000000)
  region size 1024K, 2 young (2048K), 2 survivors (2048K)
 Metaspace       used 67760K, committed 68224K, reserved 1114112K
  class space    used 9068K, committed 9280K, reserved 1048576K
}
Event: 6.726 GC heap before
{Heap before GC invocations=19 (full 0):
 garbage-first heap   total 101376K, used 79148K [0x00000000a1c00000, 0x0000000100000000)
  region size 1024K, 53 young (54272K), 2 survivors (2048K)
 Metaspace       used 70444K, committed 70912K, reserved 1114112K
  class space    used 9452K, committed 9664K, reserved 1048576K
}
Event: 6.731 GC heap after
{Heap after GC invocations=20 (full 0):
 garbage-first heap   total 101376K, used 29569K [0x00000000a1c00000, 0x0000000100000000)
  region size 1024K, 5 young (5120K), 5 survivors (5120K)
 Metaspace       used 70444K, committed 70912K, reserved 1114112K
  class space    used 9452K, committed 9664K, reserved 1048576K
}
Event: 365.450 GC heap before
{Heap before GC invocations=20 (full 0):
 garbage-first heap   total 101376K, used 71553K [0x00000000a1c00000, 0x0000000100000000)
  region size 1024K, 47 young (48128K), 5 survivors (5120K)
 Metaspace       used 74248K, committed 74752K, reserved 1114112K
  class space    used 9944K, committed 10176K, reserved 1048576K
}
Event: 365.519 GC heap after
{Heap after GC invocations=21 (full 1):
 garbage-first heap   total 92160K, used 26448K [0x00000000a1c00000, 0x0000000100000000)
  region size 1024K, 0 young (0K), 0 survivors (0K)
 Metaspace       used 74245K, committed 74752K, reserved 1114112K
  class space    used 9944K, committed 10176K, reserved 1048576K
}
Event: 368.720 GC heap before
{Heap before GC invocations=21 (full 1):
 garbage-first heap   total 92160K, used 73552K [0x00000000a1c00000, 0x0000000100000000)
  region size 1024K, 46 young (47104K), 0 survivors (0K)
 Metaspace       used 74531K, committed 75072K, reserved 1114112K
  class space    used 10008K, committed 10304K, reserved 1048576K
}
Event: 368.722 GC heap after
{Heap after GC invocations=22 (full 1):
 garbage-first heap   total 92160K, used 29023K [0x00000000a1c00000, 0x0000000100000000)
  region size 1024K, 3 young (3072K), 3 survivors (3072K)
 Metaspace       used 74531K, committed 75072K, reserved 1114112K
  class space    used 10008K, committed 10304K, reserved 1048576K
}
Event: 370.637 GC heap before
{Heap before GC invocations=22 (full 1):
 garbage-first heap   total 92160K, used 72031K [0x00000000a1c00000, 0x0000000100000000)
  region size 1024K, 46 young (47104K), 3 survivors (3072K)
 Metaspace       used 74687K, committed 75264K, reserved 1114112K
  class space    used 10029K, committed 10304K, reserved 1048576K
}
Event: 370.641 GC heap after
{Heap after GC invocations=23 (full 1):
 garbage-first heap   total 92160K, used 31155K [0x00000000a1c00000, 0x0000000100000000)
  region size 1024K, 5 young (5120K), 5 survivors (5120K)
 Metaspace       used 74687K, committed 75264K, reserved 1114112K
  class space    used 10029K, committed 10304K, reserved 1048576K
}
Event: 370.775 GC heap before
{Heap before GC invocations=23 (full 1):
 garbage-first heap   total 92160K, used 73139K [0x00000000a1c00000, 0x0000000100000000)
  region size 1024K, 46 young (47104K), 5 survivors (5120K)
 Metaspace       used 74908K, committed 75456K, reserved 1114112K
  class space    used 10044K, committed 10304K, reserved 1048576K
}
Event: 370.779 GC heap after
{Heap after GC invocations=24 (full 1):
 garbage-first heap   total 92160K, used 31460K [0x00000000a1c00000, 0x0000000100000000)
  region size 1024K, 4 young (4096K), 4 survivors (4096K)
 Metaspace       used 74908K, committed 75456K, reserved 1114112K
  class space    used 10044K, committed 10304K, reserved 1048576K
}
Event: 381.999 GC heap before
{Heap before GC invocations=24 (full 1):
 garbage-first heap   total 92160K, used 73444K [0x00000000a1c00000, 0x0000000100000000)
  region size 1024K, 45 young (46080K), 4 survivors (4096K)
 Metaspace       used 75121K, committed 75712K, reserved 1114112K
  class space    used 10060K, committed 10368K, reserved 1048576K
}
Event: 382.006 GC heap after
{Heap after GC invocations=25 (full 1):
 garbage-first heap   total 92160K, used 32523K [0x00000000a1c00000, 0x0000000100000000)
  region size 1024K, 3 young (3072K), 3 survivors (3072K)
 Metaspace       used 75121K, committed 75712K, reserved 1114112K
  class space    used 10060K, committed 10368K, reserved 1048576K
}
Event: 861.950 GC heap before
{Heap before GC invocations=25 (full 1):
 garbage-first heap   total 92160K, used 73483K [0x00000000a1c00000, 0x0000000100000000)
  region size 1024K, 43 young (44032K), 3 survivors (3072K)
 Metaspace       used 75121K, committed 75712K, reserved 1114112K
  class space    used 10060K, committed 10368K, reserved 1048576K
}
Event: 861.952 GC heap after
{Heap after GC invocations=26 (full 1):
 garbage-first heap   total 92160K, used 32300K [0x00000000a1c00000, 0x0000000100000000)
  region size 1024K, 3 young (3072K), 3 survivors (3072K)
 Metaspace       used 75121K, committed 75712K, reserved 1114112K
  class space    used 10060K, committed 10368K, reserved 1048576K
}
Event: 1216.453 GC heap before
{Heap before GC invocations=26 (full 1):
 garbage-first heap   total 92160K, used 64044K [0x00000000a1c00000, 0x0000000100000000)
  region size 1024K, 35 young (35840K), 3 survivors (3072K)
 Metaspace       used 75124K, committed 75776K, reserved 1114112K
  class space    used 10060K, committed 10368K, reserved 1048576K
}

